[debug] [2021-04-24T09:08:39.505Z] ----------------------------------------------------------------------
[debug] [2021-04-24T09:08:39.508Z] Command:       C:\Program Files\nodejs\node.exe C:\Users\aayus\AppData\Roaming\npm\node_modules\firebase-tools\lib\bin\firebase.js init
[debug] [2021-04-24T09:08:39.509Z] CLI Version:   9.10.0
[debug] [2021-04-24T09:08:39.509Z] Platform:      win32
[debug] [2021-04-24T09:08:39.509Z] Node Version:  v14.16.0
[debug] [2021-04-24T09:08:39.511Z] Time:          Sat Apr 24 2021 14:38:39 GMT+0530 (India Standard Time)
[debug] [2021-04-24T09:08:39.511Z] ----------------------------------------------------------------------
[debug] 
[debug] [2021-04-24T09:08:39.516Z] >>> [apiv2][query] GET https://firebase-public.firebaseio.com/cli.json [none]
[debug] [2021-04-24T09:08:39.543Z] > command requires scopes: ["email","openid","https://www.googleapis.com/auth/cloudplatformprojects.readonly","https://www.googleapis.com/auth/firebase","https://www.googleapis.com/auth/cloud-platform"]
[debug] [2021-04-24T09:08:39.543Z] > authorizing via signed-in user (aayushsanj@gmail.com)
[info] 
     ######## #### ########  ######## ########     ###     ######  ########
     ##        ##  ##     ## ##       ##     ##  ##   ##  ##       ##
     ######    ##  ########  ######   ########  #########  ######  ######
     ##        ##  ##    ##  ##       ##     ## ##     ##       ## ##
     ##       #### ##     ## ######## ########  ##     ##  ######  ########

You're about to initialize a Firebase project in this directory:

  C:\Users\aayus\OneDrive\Desktop\Pixagram app\pixagram-webapp-react-firebase

[info] 
=== Project Setup
[info] 
[info] First, let's associate this project directory with a Firebase project.
[info] You can create multiple project aliases by running firebase use --add, 
[info] but for now we'll just set up a default project.
[info] 
[debug] [2021-04-24T09:08:57.406Z] > refreshing access token with scopes: []
[debug] [2021-04-24T09:08:57.406Z] >>> HTTP REQUEST POST https://www.googleapis.com/oauth2/v3/token  
 <request body omitted>
[debug] [2021-04-24T09:09:03.118Z] <<< [apiv2][status] GET https://firebase-public.firebaseio.com/cli.json 200
[debug] [2021-04-24T09:09:03.118Z] <<< [apiv2][body] GET https://firebase-public.firebaseio.com/cli.json {"cloudBuildErrorAfter":1594252800000,"cloudBuildWarnAfter":1590019200000,"defaultNode10After":1594252800000,"minVersion":"3.0.5","node8DeploysDisabledAfter":1613390400000,"node8RuntimeDisabledAfter":1615809600000,"node8WarnAfter":1600128000000}
[debug] [2021-04-24T09:09:06.234Z] <<< HTTP RESPONSE 200 {"cache-control":"no-cache, no-store, max-age=0, must-revalidate","date":"Sat, 24 Apr 2021 09:09:04 GMT","pragma":"no-cache","expires":"Mon, 01 Jan 1990 00:00:00 GMT","content-type":"application/json; charset=utf-8","vary":"X-Origin, Referer, Origin,Accept-Encoding","server":"scaffolding on HTTPServer2","x-xss-protection":"0","x-frame-options":"SAMEORIGIN","x-content-type-options":"nosniff","alt-svc":"h3-29=\":443\"; ma=2592000,h3-T051=\":443\"; ma=2592000,h3-Q050=\":443\"; ma=2592000,h3-Q046=\":443\"; ma=2592000,h3-Q043=\":443\"; ma=2592000,quic=\":443\"; ma=2592000; v=\"46,43\"","accept-ranges":"none","transfer-encoding":"chunked"}
[debug] [2021-04-24T09:09:06.251Z] >>> [apiv2][query] GET https://firebase.googleapis.com/v1beta1/projects pageSize=100
[debug] [2021-04-24T09:09:09.273Z] <<< [apiv2][status] GET https://firebase.googleapis.com/v1beta1/projects 200
[debug] [2021-04-24T09:09:09.273Z] <<< [apiv2][body] GET https://firebase.googleapis.com/v1beta1/projects [omitted]
